<?xml version="1.0" encoding="UTF-8"?>
<testng-results ignored="0" total="1" passed="1" failed="0" skipped="0">
  <reporter-output>
  </reporter-output>
  <suite started-at="2021-05-21T17:55:18Z" name="Default suite" finished-at="2021-05-21T17:55:30Z" duration-ms="11966">
    <groups>
    </groups>
    <test started-at="2021-05-21T17:55:18Z" name="Default test" finished-at="2021-05-21T17:55:30Z" duration-ms="11966">
      <class name="exercises.Exercise1">
        <test-method is-config="true" signature="setUp()[pri:0, instance:exercises.Exercise1@6913c1fb]" started-at="2021-05-21T17:55:18Z" name="setUp" finished-at="2021-05-21T17:55:22Z" duration-ms="4220" status="PASS">
          <reporter-output>
          </reporter-output>
        </test-method> <!-- setUp -->
        <test-method signature="testCase()[pri:0, instance:exercises.Exercise1@6913c1fb]" started-at="2021-05-21T17:55:22Z" name="testCase" finished-at="2021-05-21T17:55:30Z" duration-ms="7580" status="PASS">
          <reporter-output>
          </reporter-output>
        </test-method> <!-- testCase -->
        <test-method is-config="true" signature="closeBrowser()[pri:0, instance:exercises.Exercise1@6913c1fb]" started-at="2021-05-21T17:55:30Z" name="closeBrowser" finished-at="2021-05-21T17:55:30Z" duration-ms="137" status="PASS">
          <reporter-output>
          </reporter-output>
        </test-method> <!-- closeBrowser -->
      </class> <!-- exercises.Exercise1 -->
    </test> <!-- Default test -->
  </suite> <!-- Default suite -->
</testng-results>
